C51 COMPILER V7.06   8255                                                                  02/02/2010 17:04:18 PAGE 1   


C51 COMPILER V7.06, COMPILATION OF MODULE 8255
OBJECT MODULE PLACED IN 8255.OBJ
COMPILER INVOKED BY: C:\Keil\C51\BIN\C51.EXE 8255.c BROWSE DEBUG OBJECTEXTEND

stmt level    source

   1          
   2          #include<reg51.h>
   3          #include<absacc.h>
   4          #define add XBYTE[0x0000]
   5          //7CFFH                         ;A口
   6          //7DFFH                         ;B口
   7          //7FFFH                         ;控制字地址
   8          main()
   9          {
  10   1      unsigned char PORT_DATA;
  11   1      unsigned char xdata  *pt;
  12   1      pt=&add;        
  13   1      *(pt+0x7fff)=0x82;//写控制字
  14   1      while(1)
  15   1      {
  16   2      PORT_DATA=*(pt+0x7dff);
  17   2      *(pt+0x7cff)=PORT_DATA;
  18   2      }
  19   1      }


MODULE INFORMATION:   STATIC OVERLAYABLE
   CODE SIZE        =     41    ----
   CONSTANT SIZE    =   ----    ----
   XDATA SIZE       =   ----    ----
   PDATA SIZE       =   ----    ----
   DATA SIZE        =   ----    ----
   IDATA SIZE       =   ----    ----
   BIT SIZE         =   ----    ----
END OF MODULE INFORMATION.


C51 COMPILATION COMPLETE.  0 WARNING(S),  0 ERROR(S)
