C51 COMPILER V7.06   4X4                                                                   01/06/2010 11:02:19 PAGE 1   


C51 COMPILER V7.06, COMPILATION OF MODULE 4X4
OBJECT MODULE PLACED IN 4x4.OBJ
COMPILER INVOKED BY: C:\Keil\C51\BIN\C51.EXE 4x4.c BROWSE DEBUG OBJECTEXTEND

stmt level    source

   1          #include<reg51.h>
   2          #define uint unsigned int
   3          #define uchar unsigned char
   4          uchar code KEY_TABLE[]={ 0xee,0xde,0xbe,0x7e,
   5                                                           0xed,0xdd,0xbd,0x7d,
   6                                                           0xeb,0xdb,0xbb,0x7b,
   7                                                           0xe7,0xd7,0xb7,0x77};//键盘表
   8          uchar code TABLE[]={0x3F,0x06,0x5B,0x4F,
   9                                                  0x66,0x6D,0x7D,0x07,
  10                                                  0x7F,0x6F,0x77,0x7c,
  11                                                  0x39,0x5e,0x79,0x71};//共阴极数码管编码表
  12          void delayl()//长延时，作点亮数码管用
  13          {uint n=50000;while(n--);}
  14          void delays()//短延时，作消振用
  15          {uint n=10000;while(n--);}
  16          main()
  17          {
  18   1      uchar temp,key,num,i;
  19   1              while(1)
  20   1              {
  21   2              P3=0xf0;//置行为0，列为1，读列值。
  22   2                      if(P3!=0xf0)//判断有，无键盘按下
  23   2                      {delays();//消振
  24   3                              if(P3!=0xf0)//如果if的值为真，这时可以确定有键盘按下
  25   3                              {
  26   4                              temp=P3;//存储列读入的值
  27   4                              P3=0x0f;//置列为0，行为1，读行值。
  28   4                              key=temp|P3;//将行，列值综合，赋给key。
  29   4                                      for(i=0;i<16;i++)
  30   4                                      if(key==KEY_TABLE[i])//读键盘表，确定读入的按键值
  31   4                                      {num=i;break;}
  32   4                              P2=TABLE[num];//点亮数码管，显示按键值。
  33   4                              delayl();
  34   4                              }
  35   3      
  36   3                      }
  37   2      
  38   2              }
  39   1      
  40   1      }


MODULE INFORMATION:   STATIC OVERLAYABLE
   CODE SIZE        =     87    ----
   CONSTANT SIZE    =     32    ----
   XDATA SIZE       =   ----    ----
   PDATA SIZE       =   ----    ----
   DATA SIZE        =   ----    ----
   IDATA SIZE       =   ----    ----
   BIT SIZE         =   ----    ----
END OF MODULE INFORMATION.


C51 COMPILATION COMPLETE.  0 WARNING(S),  0 ERROR(S)
