C51 COMPILER V7.06   DIANLIANG                                                             01/14/2010 21:13:11 PAGE 1   


C51 COMPILER V7.06, COMPILATION OF MODULE DIANLIANG
OBJECT MODULE PLACED IN dianliang.OBJ
COMPILER INVOKED BY: C:\Program Files\keilc\C51\BIN\C51.EXE dianliang.c DEBUG OBJECTEXTEND

stmt level    source

   1          #include<reg51.h>
   2          #define uint unsigned int
   3          sbit LED=P1^0;
   4          void main()              
   5          {
   6   1        while(1)
   7   1        {
   8   2          LED=0;               //P1.0引脚输出低电平
   9   2        }
  10   1       }


MODULE INFORMATION:   STATIC OVERLAYABLE
   CODE SIZE        =      4    ----
   CONSTANT SIZE    =   ----    ----
   XDATA SIZE       =   ----    ----
   PDATA SIZE       =   ----    ----
   DATA SIZE        =   ----    ----
   IDATA SIZE       =   ----    ----
   BIT SIZE         =   ----    ----
END OF MODULE INFORMATION.


C51 COMPILATION COMPLETE.  0 WARNING(S),  0 ERROR(S)
