C51 COMPILER V7.06   DIZHI1_                                                               01/02/2010 11:00:59 PAGE 1   


C51 COMPILER V7.06, COMPILATION OF MODULE DIZHI1_
OBJECT MODULE PLACED IN dizhi1#.OBJ
COMPILER INVOKED BY: C:\Keil\C51\BIN\C51.EXE dizhi1#.c BROWSE DEBUG OBJECTEXTEND

stmt level    source

   1          #include<reg51.h>
   2          #include<absacc.h>
   3          #include<intrins.h>
   4          
   5          unsigned char serial_receiver;
   6          
   7          sbit P3_5=P3^5;
   8          
   9          /****************************************
  10          
  11          串行口中断子程序
  12          
  13          ****************************************/
  14          
  15          void serial (void) interrupt 4 using 1
  16          {
  17   1                      ES=0;
  18   1                      RI=0;
  19   1                      
  20   1                      if(SBUF==0x01)
  21   1                      {
  22   2                                      P3_5=1;
  23   2                                      SM2=0;
  24   2                                      P1=0x10;
  25   2                                      SBUF=0x10;
  26   2                                      while(TI!=1);TI=0;
  27   2                      }
  28   1              else P1=0;
  29   1                      SM2=1;
  30   1                      ES=1;
  31   1                      P3_5=0;
  32   1      }
  33          
  34          /*****************主程序******************/
  35          
  36          void main(void)
  37          {
  38   1               
  39   1                P1=0x00;
  40   1                TMOD=0x20;
  41   1                TL1=0xfd;
  42   1                TH1=0xfd;
  43   1                PCON=0x00;
  44   1                TR1=1;
  45   1                SCON=0xf0;
  46   1                EA=1;
  47   1                ES=1;
  48   1                P3_5=0;
  49   1                while(1)
  50   1                {
  51   2                              _nop_();
  52   2                              
  53   2                }
  54   1      
  55   1      }
C51 COMPILER V7.06   DIZHI1_                                                               01/02/2010 11:00:59 PAGE 2   

  56          
  57          
  58          
  59          
  60          
  61          
  62          
  63          
  64          
  65          
  66          
  67          
  68          


MODULE INFORMATION:   STATIC OVERLAYABLE
   CODE SIZE        =     72    ----
   CONSTANT SIZE    =   ----    ----
   XDATA SIZE       =   ----    ----
   PDATA SIZE       =   ----    ----
   DATA SIZE        =      1    ----
   IDATA SIZE       =   ----    ----
   BIT SIZE         =   ----    ----
END OF MODULE INFORMATION.


C51 COMPILATION COMPLETE.  0 WARNING(S),  0 ERROR(S)
