C51 COMPILER V7.06   DIZHI2_                                                               01/02/2010 11:00:55 PAGE 1   


C51 COMPILER V7.06, COMPILATION OF MODULE DIZHI2_
OBJECT MODULE PLACED IN dizhi2#.OBJ
COMPILER INVOKED BY: C:\Keil\C51\BIN\C51.EXE dizhi2#.c BROWSE DEBUG OBJECTEXTEND

stmt level    source

   1          
   2          #include<reg51.h>
   3          #include<absacc.h>
   4          #include<intrins.h>
   5          
   6          unsigned char serial_receiver;
   7          sbit P3_5=P3^5;
   8          
   9          /****************************************
  10          
  11          串行口中断子程序
  12          
  13          ****************************************/
  14          
  15          void serial (void) interrupt 4 using 1
  16          {
  17   1                      ES=0;
  18   1                      RI=0;
  19   1                      if(SBUF==0x02)
  20   1                      {
  21   2                                      P3_5=1;
  22   2                                      SM2=0;
  23   2                                      P1=0x20;
  24   2                                      SBUF=0x20;
  25   2                                      while(TI!=1);TI=0;
  26   2                      }
  27   1                      else P1=0;
  28   1                      SM2=1;
  29   1                      ES=1;
  30   1                      P3_5=0;
  31   1      }
  32          
  33          /*****************主程序******************/
  34          
  35          void main(void)
  36          {
  37   1               
  38   1                P1=0x00;
  39   1                TMOD=0x20;
  40   1                TL1=0xfd;
  41   1                TH1=0xfd;
  42   1                PCON=0x00;
  43   1                TR1=1;
  44   1                SCON=0xf0;
  45   1                EA=1;
  46   1                ES=1;
  47   1                P3_5=0;
  48   1                while(1)
  49   1                {
  50   2                              _nop_();
  51   2                              
  52   2                }
  53   1      
  54   1      }
  55          
C51 COMPILER V7.06   DIZHI2_                                                               01/02/2010 11:00:55 PAGE 2   

  56          
  57          
  58          
  59          
  60          
  61          
  62          
  63          
  64          
  65          
  66          


MODULE INFORMATION:   STATIC OVERLAYABLE
   CODE SIZE        =     72    ----
   CONSTANT SIZE    =   ----    ----
   XDATA SIZE       =   ----    ----
   PDATA SIZE       =   ----    ----
   DATA SIZE        =      1    ----
   IDATA SIZE       =   ----    ----
   BIT SIZE         =   ----    ----
END OF MODULE INFORMATION.


C51 COMPILATION COMPLETE.  0 WARNING(S),  0 ERROR(S)
